<?xml version="1.0" encoding="UTF-8"?>
<testng-results ignored="0" total="1" passed="1" failed="0" skipped="0">
  <reporter-output>
  </reporter-output>
  <suite started-at="2023-01-27T00:06:38 EST" name="Default suite" finished-at="2023-01-27T00:06:42 EST" duration-ms="3593">
    <groups>
    </groups>
    <test started-at="2023-01-27T00:06:38 EST" name="Default test" finished-at="2023-01-27T00:06:42 EST" duration-ms="3593">
      <class name="Project.Programs.TotLinks">
        <test-method signature="runTest()[pri:0, instance:Project.Programs.TotLinks@e7edb54]" started-at="2023-01-27T00:06:38 EST" name="runTest" finished-at="2023-01-27T00:06:42 EST" duration-ms="3562" status="PASS">
          <reporter-output>
          </reporter-output>
        </test-method> <!-- runTest -->
      </class> <!-- Project.Programs.TotLinks -->
    </test> <!-- Default test -->
  </suite> <!-- Default suite -->
</testng-results>
